# JRE version: OpenJDK Runtime Environment (8.0_242-b08) (build 1.8.0_242-b08)
# Java VM: OpenJDK 64-Bit Server VM (25.242-b08 mixed mode bsd-amd64 compressed oops)
Heap:
 PSYoungGen      total 1125888K, used 298591K [0x00000006eab00000, 0x0000000738680000, 0x00000007c0000000)
  eden space 1055232K, 28% used [0x00000006eab00000,0x00000006fce97f78,0x000000072b180000)
  from space 70656K, 0% used [0x000000072f880000,0x000000072f880000,0x0000000733d80000)
  to   space 72704K, 0% used [0x000000072b180000,0x000000072b180000,0x000000072f880000)
 ParOldGen       total 287232K, used 119436K [0x0000000540000000, 0x0000000551880000, 0x00000006eab00000)
  object space 287232K, 41% used [0x0000000540000000,0x00000005474a3030,0x0000000551880000)
 Metaspace       used 38248K, capacity 38702K, committed 39088K, reserved 1083392K
  class space    used 5123K, capacity 5286K, committed 5296K, reserved 1048576K
GC Heap History (10 events):
Event: 7.135 GC heap before
{Heap before GC invocations=8 (full 1):
 PSYoungGen      total 586752K, used 524288K [0x00000006eab00000, 0x0000000712500000, 0x00000007c0000000)
  eden space 524288K, 100% used [0x00000006eab00000,0x000000070ab00000,0x000000070ab00000)
  from space 62464K, 0% used [0x000000070e800000,0x000000070e800000,0x0000000712500000)
  to   space 62464K, 0% used [0x000000070ab00000,0x000000070ab00000,0x000000070e800000)
 ParOldGen       total 202752K, used 59823K [0x0000000540000000, 0x000000054c600000, 0x00000006eab00000)
  object space 202752K, 29% used [0x0000000540000000,0x0000000543a6bf78,0x000000054c600000)
 Metaspace       used 23461K, capacity 23756K, committed 23984K, reserved 1071104K
  class space    used 2862K, capacity 2971K, committed 2992K, reserved 1048576K
Event: 7.157 GC heap after
Heap after GC invocations=8 (full 1):
 PSYoungGen      total 586752K, used 21417K [0x00000006eab00000, 0x0000000724500000, 0x00000007c0000000)
  eden space 524288K, 0% used [0x00000006eab00000,0x00000006eab00000,0x000000070ab00000)
  from space 62464K, 34% used [0x000000070ab00000,0x000000070bfea410,0x000000070e800000)
  to   space 59392K, 0% used [0x0000000720b00000,0x0000000720b00000,0x0000000724500000)
 ParOldGen       total 202752K, used 59831K [0x0000000540000000, 0x000000054c600000, 0x00000006eab00000)
  object space 202752K, 29% used [0x0000000540000000,0x0000000543a6df78,0x000000054c600000)
 Metaspace       used 23461K, capacity 23756K, committed 23984K, reserved 1071104K
  class space    used 2862K, capacity 2971K, committed 2992K, reserved 1048576K
}
Event: 9.364 GC heap before
{Heap before GC invocations=9 (full 1):
 PSYoungGen      total 586752K, used 545705K [0x00000006eab00000, 0x0000000724500000, 0x00000007c0000000)
  eden space 524288K, 100% used [0x00000006eab00000,0x000000070ab00000,0x000000070ab00000)
  from space 62464K, 34% used [0x000000070ab00000,0x000000070bfea410,0x000000070e800000)
  to   space 59392K, 0% used [0x0000000720b00000,0x0000000720b00000,0x0000000724500000)
 ParOldGen       total 202752K, used 59831K [0x0000000540000000, 0x000000054c600000, 0x00000006eab00000)
  object space 202752K, 29% used [0x0000000540000000,0x0000000543a6df78,0x000000054c600000)
 Metaspace       used 27639K, capacity 27958K, committed 28336K, reserved 1075200K
  class space    used 3345K, capacity 3454K, committed 3504K, reserved 1048576K
Event: 9.407 GC heap after
Heap after GC invocations=9 (full 1):
 PSYoungGen      total 858112K, used 42152K [0x00000006eab00000, 0x0000000723a80000, 0x00000007c0000000)
  eden space 809472K, 0% used [0x00000006eab00000,0x00000006eab00000,0x000000071c180000)
  from space 48640K, 86% used [0x0000000720b00000,0x000000072342a390,0x0000000723a80000)
  to   space 61952K, 0% used [0x000000071c180000,0x000000071c180000,0x000000071fe00000)
 ParOldGen       total 202752K, used 59839K [0x0000000540000000, 0x000000054c600000, 0x00000006eab00000)
  object space 202752K, 29% used [0x0000000540000000,0x0000000543a6ff78,0x000000054c600000)
 Metaspace       used 27639K, capacity 27958K, committed 28336K, reserved 1075200K
  class space    used 3345K, capacity 3454K, committed 3504K, reserved 1048576K
}
Event: 12.370 GC heap before
{Heap before GC invocations=10 (full 1):
 PSYoungGen      total 858112K, used 851624K [0x00000006eab00000, 0x0000000723a80000, 0x00000007c0000000)
  eden space 809472K, 100% used [0x00000006eab00000,0x000000071c180000,0x000000071c180000)
  from space 48640K, 86% used [0x0000000720b00000,0x000000072342a390,0x0000000723a80000)
  to   space 61952K, 0% used [0x000000071c180000,0x000000071c180000,0x000000071fe00000)
 ParOldGen       total 202752K, used 59839K [0x0000000540000000, 0x000000054c600000, 0x00000006eab00000)
  object space 202752K, 29% used [0x0000000540000000,0x0000000543a6ff78,0x000000054c600000)
 Metaspace       used 33025K, capacity 33324K, committed 33712K, reserved 1079296K
  class space    used 4319K, capacity 4453K, committed 4528K, reserved 1048576K
Event: 12.417 GC heap after
Heap after GC invocations=10 (full 1):
 PSYoungGen      total 871424K, used 60293K [0x00000006eab00000, 0x0000000733d80000, 0x00000007c0000000)
  eden space 809472K, 0% used [0x00000006eab00000,0x00000006eab00000,0x000000071c180000)
  from space 61952K, 97% used [0x000000071c180000,0x000000071fc615c8,0x000000071fe00000)
  to   space 70656K, 0% used [0x000000072f880000,0x000000072f880000,0x0000000733d80000)
 ParOldGen       total 202752K, used 59847K [0x0000000540000000, 0x000000054c600000, 0x00000006eab00000)
  object space 202752K, 29% used [0x0000000540000000,0x0000000543a71f78,0x000000054c600000)
 Metaspace       used 33025K, capacity 33324K, committed 33712K, reserved 1079296K
  class space    used 4319K, capacity 4453K, committed 4528K, reserved 1048576K
}
Event: 12.751 GC heap before
{Heap before GC invocations=11 (full 1):
 PSYoungGen      total 871424K, used 204582K [0x00000006eab00000, 0x0000000733d80000, 0x00000007c0000000)
  eden space 809472K, 17% used [0x00000006eab00000,0x00000006f37e8258,0x000000071c180000)
  from space 61952K, 97% used [0x000000071c180000,0x000000071fc615c8,0x000000071fe00000)
  to   space 70656K, 0% used [0x000000072f880000,0x000000072f880000,0x0000000733d80000)
 ParOldGen       total 202752K, used 59847K [0x0000000540000000, 0x000000054c600000, 0x00000006eab00000)
  object space 202752K, 29% used [0x0000000540000000,0x0000000543a71f78,0x000000054c600000)
 Metaspace       used 34846K, capacity 35148K, committed 35496K, reserved 1079296K
  class space    used 4709K, capacity 4805K, committed 4912K, reserved 1048576K
Event: 12.796 GC heap after
Heap after GC invocations=11 (full 1):
 PSYoungGen      total 1125888K, used 48777K [0x00000006eab00000, 0x0000000738680000, 0x00000007c0000000)
  eden space 1055232K, 0% used [0x00000006eab00000,0x00000006eab00000,0x000000072b180000)
  from space 70656K, 69% used [0x000000072f880000,0x0000000732822740,0x0000000733d80000)
  to   space 72704K, 0% used [0x000000072b180000,0x000000072b180000,0x000000072f880000)
 ParOldGen       total 202752K, used 72281K [0x0000000540000000, 0x000000054c600000, 0x00000006eab00000)
  object space 202752K, 35% used [0x0000000540000000,0x00000005446966e8,0x000000054c600000)
 Metaspace       used 34846K, capacity 35148K, committed 35496K, reserved 1079296K
  class space    used 4709K, capacity 4805K, committed 4912K, reserved 1048576K
}
Event: 12.796 GC heap before
{Heap before GC invocations=12 (full 2):
 PSYoungGen      total 1125888K, used 48777K [0x00000006eab00000, 0x0000000738680000, 0x00000007c0000000)
  eden space 1055232K, 0% used [0x00000006eab00000,0x00000006eab00000,0x000000072b180000)
  from space 70656K, 69% used [0x000000072f880000,0x0000000732822740,0x0000000733d80000)
  to   space 72704K, 0% used [0x000000072b180000,0x000000072b180000,0x000000072f880000)
 ParOldGen       total 202752K, used 72281K [0x0000000540000000, 0x000000054c600000, 0x00000006eab00000)
  object space 202752K, 35% used [0x0000000540000000,0x00000005446966e8,0x000000054c600000)
 Metaspace       used 34846K, capacity 35148K, committed 35496K, reserved 1079296K
  class space    used 4709K, capacity 4805K, committed 4912K, reserved 1048576K
Event: 13.005 GC heap after
Heap after GC invocations=12 (full 2):
 PSYoungGen      total 1125888K, used 0K [0x00000006eab00000, 0x0000000738680000, 0x00000007c0000000)
  eden space 1055232K, 0% used [0x00000006eab00000,0x00000006eab00000,0x000000072b180000)
  from space 70656K, 0% used [0x000000072f880000,0x000000072f880000,0x0000000733d80000)
  to   space 72704K, 0% used [0x000000072b180000,0x000000072b180000,0x000000072f880000)
 ParOldGen       total 287232K, used 119436K [0x0000000540000000, 0x0000000551880000, 0x00000006eab00000)
  object space 287232K, 41% used [0x0000000540000000,0x00000005474a3030,0x0000000551880000)
 Metaspace       used 34846K, capacity 35148K, committed 35496K, reserved 1079296K
  class space    used 4709K, capacity 4805K, committed 4912K, reserved 1048576K
}

