# JRE version: OpenJDK Runtime Environment (8.0_242-b08) (build 1.8.0_242-b08)
# Java VM: OpenJDK 64-Bit Server VM (25.242-b08 mixed mode bsd-amd64 compressed oops)
Heap:
 PSYoungGen      total 806400K, used 304680K [0x00000006eab00000, 0x000000071f980000, 0x00000007c0000000)
  eden space 763392K, 39% used [0x00000006eab00000,0x00000006fd48a280,0x0000000719480000)
  from space 43008K, 0% used [0x000000071bf80000,0x000000071bf80000,0x000000071e980000)
  to   space 44032K, 0% used [0x0000000719480000,0x0000000719480000,0x000000071bf80000)
 ParOldGen       total 275456K, used 117173K [0x0000000540000000, 0x0000000550d00000, 0x00000006eab00000)
  object space 275456K, 42% used [0x0000000540000000,0x000000054726d6b8,0x0000000550d00000)
 Metaspace       used 38152K, capacity 38574K, committed 38912K, reserved 1083392K
  class space    used 5130K, capacity 5286K, committed 5376K, reserved 1048576K
GC Heap History (10 events):
Event: 9.438 GC heap before
{Heap before GC invocations=10 (full 1):
 PSYoungGen      total 445952K, used 445771K [0x00000006eab00000, 0x000000070e400000, 0x00000007c0000000)
  eden space 425984K, 100% used [0x00000006eab00000,0x0000000704b00000,0x0000000704b00000)
  from space 19968K, 99% used [0x000000070d080000,0x000000070e3d2ef0,0x000000070e400000)
  to   space 45056K, 0% used [0x0000000708c00000,0x0000000708c00000,0x000000070b800000)
 ParOldGen       total 175104K, used 57271K [0x0000000540000000, 0x000000054ab00000, 0x00000006eab00000)
  object space 175104K, 32% used [0x0000000540000000,0x00000005437eddf0,0x000000054ab00000)
 Metaspace       used 24152K, capacity 24428K, committed 24576K, reserved 1071104K
  class space    used 2944K, capacity 3067K, committed 3072K, reserved 1048576K
Event: 9.455 GC heap after
Heap after GC invocations=10 (full 1):
 PSYoungGen      total 537600K, used 20232K [0x00000006eab00000, 0x0000000713780000, 0x00000007c0000000)
  eden space 492544K, 0% used [0x00000006eab00000,0x00000006eab00000,0x0000000708c00000)
  from space 45056K, 44% used [0x0000000708c00000,0x0000000709fc2110,0x000000070b800000)
  to   space 44032K, 0% used [0x0000000710c80000,0x0000000710c80000,0x0000000713780000)
 ParOldGen       total 175104K, used 57279K [0x0000000540000000, 0x000000054ab00000, 0x00000006eab00000)
  object space 175104K, 32% used [0x0000000540000000,0x00000005437efdf0,0x000000054ab00000)
 Metaspace       used 24152K, capacity 24428K, committed 24576K, reserved 1071104K
  class space    used 2944K, capacity 3067K, committed 3072K, reserved 1048576K
}
Event: 11.902 GC heap before
{Heap before GC invocations=11 (full 1):
 PSYoungGen      total 537600K, used 512776K [0x00000006eab00000, 0x0000000713780000, 0x00000007c0000000)
  eden space 492544K, 100% used [0x00000006eab00000,0x0000000708c00000,0x0000000708c00000)
  from space 45056K, 44% used [0x0000000708c00000,0x0000000709fc2110,0x000000070b800000)
  to   space 44032K, 0% used [0x0000000710c80000,0x0000000710c80000,0x0000000713780000)
 ParOldGen       total 175104K, used 57279K [0x0000000540000000, 0x000000054ab00000, 0x00000006eab00000)
  object space 175104K, 32% used [0x0000000540000000,0x00000005437efdf0,0x000000054ab00000)
 Metaspace       used 27748K, capacity 28066K, committed 28416K, reserved 1075200K
  class space    used 3360K, capacity 3490K, committed 3584K, reserved 1048576K
Event: 11.924 GC heap after
Heap after GC invocations=11 (full 1):
 PSYoungGen      total 624128K, used 30432K [0x00000006eab00000, 0x0000000718280000, 0x00000007c0000000)
  eden space 580096K, 0% used [0x00000006eab00000,0x00000006eab00000,0x000000070e180000)
  from space 44032K, 69% used [0x0000000710c80000,0x0000000712a383e0,0x0000000713780000)
  to   space 44032K, 0% used [0x000000070e180000,0x000000070e180000,0x0000000710c80000)
 ParOldGen       total 175104K, used 69257K [0x0000000540000000, 0x000000054ab00000, 0x00000006eab00000)
  object space 175104K, 39% used [0x0000000540000000,0x00000005443a2598,0x000000054ab00000)
 Metaspace       used 27748K, capacity 28066K, committed 28416K, reserved 1075200K
  class space    used 3360K, capacity 3490K, committed 3584K, reserved 1048576K
}
Event: 13.975 GC heap before
{Heap before GC invocations=12 (full 1):
 PSYoungGen      total 624128K, used 610528K [0x00000006eab00000, 0x0000000718280000, 0x00000007c0000000)
  eden space 580096K, 100% used [0x00000006eab00000,0x000000070e180000,0x000000070e180000)
  from space 44032K, 69% used [0x0000000710c80000,0x0000000712a383e0,0x0000000713780000)
  to   space 44032K, 0% used [0x000000070e180000,0x000000070e180000,0x0000000710c80000)
 ParOldGen       total 175104K, used 69257K [0x0000000540000000, 0x000000054ab00000, 0x00000006eab00000)
  object space 175104K, 39% used [0x0000000540000000,0x00000005443a2598,0x000000054ab00000)
 Metaspace       used 31736K, capacity 32044K, committed 32384K, reserved 1077248K
  class space    used 4082K, capacity 4197K, committed 4224K, reserved 1048576K
Event: 14.006 GC heap after
Heap after GC invocations=12 (full 1):
 PSYoungGen      total 624128K, used 20573K [0x00000006eab00000, 0x000000071e980000, 0x00000007c0000000)
  eden space 580096K, 0% used [0x00000006eab00000,0x00000006eab00000,0x000000070e180000)
  from space 44032K, 46% used [0x000000070e180000,0x000000070f597778,0x0000000710c80000)
  to   space 43008K, 0% used [0x000000071bf80000,0x000000071bf80000,0x000000071e980000)
 ParOldGen       total 175104K, used 94934K [0x0000000540000000, 0x000000054ab00000, 0x00000006eab00000)
  object space 175104K, 54% used [0x0000000540000000,0x0000000545cb5a10,0x000000054ab00000)
 Metaspace       used 31736K, capacity 32044K, committed 32384K, reserved 1077248K
  class space    used 4082K, capacity 4197K, committed 4224K, reserved 1048576K
}
Event: 14.625 GC heap before
{Heap before GC invocations=13 (full 1):
 PSYoungGen      total 624128K, used 377914K [0x00000006eab00000, 0x000000071e980000, 0x00000007c0000000)
  eden space 580096K, 61% used [0x00000006eab00000,0x00000007007f73b0,0x000000070e180000)
  from space 44032K, 46% used [0x000000070e180000,0x000000070f597778,0x0000000710c80000)
  to   space 43008K, 0% used [0x000000071bf80000,0x000000071bf80000,0x000000071e980000)
 ParOldGen       total 175104K, used 94934K [0x0000000540000000, 0x000000054ab00000, 0x00000006eab00000)
  object space 175104K, 54% used [0x0000000540000000,0x0000000545cb5a10,0x000000054ab00000)
 Metaspace       used 34782K, capacity 35180K, committed 35496K, reserved 1079296K
  class space    used 4719K, capacity 4837K, committed 4864K, reserved 1048576K
Event: 14.649 GC heap after
Heap after GC invocations=13 (full 1):
 PSYoungGen      total 806400K, used 7705K [0x00000006eab00000, 0x000000071f980000, 0x00000007c0000000)
  eden space 763392K, 0% used [0x00000006eab00000,0x00000006eab00000,0x0000000719480000)
  from space 43008K, 17% used [0x000000071bf80000,0x000000071c7067c8,0x000000071e980000)
  to   space 44032K, 0% used [0x0000000719480000,0x0000000719480000,0x000000071bf80000)
 ParOldGen       total 175104K, used 113436K [0x0000000540000000, 0x000000054ab00000, 0x00000006eab00000)
  object space 175104K, 64% used [0x0000000540000000,0x0000000546ec7398,0x000000054ab00000)
 Metaspace       used 34782K, capacity 35180K, committed 35496K, reserved 1079296K
  class space    used 4719K, capacity 4837K, committed 4864K, reserved 1048576K
}
Event: 14.649 GC heap before
{Heap before GC invocations=14 (full 2):
 PSYoungGen      total 806400K, used 7705K [0x00000006eab00000, 0x000000071f980000, 0x00000007c0000000)
  eden space 763392K, 0% used [0x00000006eab00000,0x00000006eab00000,0x0000000719480000)
  from space 43008K, 17% used [0x000000071bf80000,0x000000071c7067c8,0x000000071e980000)
  to   space 44032K, 0% used [0x0000000719480000,0x0000000719480000,0x000000071bf80000)
 ParOldGen       total 175104K, used 113436K [0x0000000540000000, 0x000000054ab00000, 0x00000006eab00000)
  object space 175104K, 64% used [0x0000000540000000,0x0000000546ec7398,0x000000054ab00000)
 Metaspace       used 34782K, capacity 35180K, committed 35496K, reserved 1079296K
  class space    used 4719K, capacity 4837K, committed 4864K, reserved 1048576K
Event: 14.835 GC heap after
Heap after GC invocations=14 (full 2):
 PSYoungGen      total 806400K, used 0K [0x00000006eab00000, 0x000000071f980000, 0x00000007c0000000)
  eden space 763392K, 0% used [0x00000006eab00000,0x00000006eab00000,0x0000000719480000)
  from space 43008K, 0% used [0x000000071bf80000,0x000000071bf80000,0x000000071e980000)
  to   space 44032K, 0% used [0x0000000719480000,0x0000000719480000,0x000000071bf80000)
 ParOldGen       total 275456K, used 117173K [0x0000000540000000, 0x0000000550d00000, 0x00000006eab00000)
  object space 275456K, 42% used [0x0000000540000000,0x000000054726d6b8,0x0000000550d00000)
 Metaspace       used 34782K, capacity 35180K, committed 35496K, reserved 1079296K
  class space    used 4719K, capacity 4837K, committed 4864K, reserved 1048576K
}

