# JRE version: OpenJDK Runtime Environment (8.0_242-b08) (build 1.8.0_242-b08)
# Java VM: OpenJDK 64-Bit Server VM (25.242-b08 mixed mode bsd-amd64 compressed oops)
Heap:
 PSYoungGen      total 772608K, used 276413K [0x00000006eab00000, 0x000000071da00000, 0x00000007c0000000)
  eden space 723968K, 38% used [0x00000006eab00000,0x00000006fb8ef618,0x0000000716e00000)
  from space 48640K, 0% used [0x0000000719f00000,0x0000000719f00000,0x000000071ce80000)
  to   space 50176K, 0% used [0x0000000716e00000,0x0000000716e00000,0x0000000719f00000)
 ParOldGen       total 291328K, used 119785K [0x0000000540000000, 0x0000000551c80000, 0x00000006eab00000)
  object space 291328K, 41% used [0x0000000540000000,0x00000005474fa690,0x0000000551c80000)
 Metaspace       used 38377K, capacity 38779K, committed 39168K, reserved 1083392K
  class space    used 5133K, capacity 5286K, committed 5376K, reserved 1048576K
GC Heap History (10 events):
Event: 8.228 GC heap before
{Heap before GC invocations=10 (full 1):
 PSYoungGen      total 435200K, used 434728K [0x00000006eab00000, 0x000000070eb80000, 0x00000007c0000000)
  eden space 417792K, 100% used [0x00000006eab00000,0x0000000704300000,0x0000000704300000)
  from space 17408K, 97% used [0x000000070da80000,0x000000070eb0a120,0x000000070eb80000)
  to   space 51200K, 0% used [0x0000000708780000,0x0000000708780000,0x000000070b980000)
 ParOldGen       total 187904K, used 63711K [0x0000000540000000, 0x000000054b780000, 0x00000006eab00000)
  object space 187904K, 33% used [0x0000000540000000,0x0000000543e37d08,0x000000054b780000)
 Metaspace       used 24433K, capacity 24782K, committed 25216K, reserved 1071104K
  class space    used 2972K, capacity 3100K, committed 3200K, reserved 1048576K
Event: 8.252 GC heap after
Heap after GC invocations=10 (full 1):
 PSYoungGen      total 539136K, used 23430K [0x00000006eab00000, 0x0000000712d80000, 0x00000007c0000000)
  eden space 487936K, 0% used [0x00000006eab00000,0x00000006eab00000,0x0000000708780000)
  from space 51200K, 45% used [0x0000000708780000,0x0000000709e619f0,0x000000070b980000)
  to   space 49664K, 0% used [0x000000070fd00000,0x000000070fd00000,0x0000000712d80000)
 ParOldGen       total 187904K, used 63719K [0x0000000540000000, 0x000000054b780000, 0x00000006eab00000)
  object space 187904K, 33% used [0x0000000540000000,0x0000000543e39d08,0x000000054b780000)
 Metaspace       used 24433K, capacity 24782K, committed 25216K, reserved 1071104K
  class space    used 2972K, capacity 3100K, committed 3200K, reserved 1048576K
}
Event: 10.595 GC heap before
{Heap before GC invocations=11 (full 1):
 PSYoungGen      total 539136K, used 511366K [0x00000006eab00000, 0x0000000712d80000, 0x00000007c0000000)
  eden space 487936K, 100% used [0x00000006eab00000,0x0000000708780000,0x0000000708780000)
  from space 51200K, 45% used [0x0000000708780000,0x0000000709e619f0,0x000000070b980000)
  to   space 49664K, 0% used [0x000000070fd00000,0x000000070fd00000,0x0000000712d80000)
 ParOldGen       total 187904K, used 63719K [0x0000000540000000, 0x000000054b780000, 0x00000006eab00000)
  object space 187904K, 33% used [0x0000000540000000,0x0000000543e39d08,0x000000054b780000)
 Metaspace       used 28286K, capacity 28606K, committed 28928K, reserved 1075200K
  class space    used 3407K, capacity 3522K, committed 3584K, reserved 1048576K
Event: 10.648 GC heap after
Heap after GC invocations=11 (full 1):
 PSYoungGen      total 608256K, used 32698K [0x00000006eab00000, 0x0000000718280000, 0x00000007c0000000)
  eden space 558592K, 0% used [0x00000006eab00000,0x00000006eab00000,0x000000070cc80000)
  from space 49664K, 65% used [0x000000070fd00000,0x0000000711ceea70,0x0000000712d80000)
  to   space 49664K, 0% used [0x000000070cc80000,0x000000070cc80000,0x000000070fd00000)
 ParOldGen       total 187904K, used 73801K [0x0000000540000000, 0x000000054b780000, 0x00000006eab00000)
  object space 187904K, 39% used [0x0000000540000000,0x0000000544812620,0x000000054b780000)
 Metaspace       used 28286K, capacity 28606K, committed 28928K, reserved 1075200K
  class space    used 3407K, capacity 3522K, committed 3584K, reserved 1048576K
}
Event: 12.702 GC heap before
{Heap before GC invocations=12 (full 1):
 PSYoungGen      total 608256K, used 591290K [0x00000006eab00000, 0x0000000718280000, 0x00000007c0000000)
  eden space 558592K, 100% used [0x00000006eab00000,0x000000070cc80000,0x000000070cc80000)
  from space 49664K, 65% used [0x000000070fd00000,0x0000000711ceea70,0x0000000712d80000)
  to   space 49664K, 0% used [0x000000070cc80000,0x000000070cc80000,0x000000070fd00000)
 ParOldGen       total 187904K, used 73801K [0x0000000540000000, 0x000000054b780000, 0x00000006eab00000)
  object space 187904K, 39% used [0x0000000540000000,0x0000000544812620,0x000000054b780000)
 Metaspace       used 32316K, capacity 32648K, committed 33024K, reserved 1077248K
  class space    used 4179K, capacity 4293K, committed 4352K, reserved 1048576K
Event: 12.729 GC heap after
Heap after GC invocations=12 (full 1):
 PSYoungGen      total 608256K, used 19199K [0x00000006eab00000, 0x000000071ce80000, 0x00000007c0000000)
  eden space 558592K, 0% used [0x00000006eab00000,0x00000006eab00000,0x000000070cc80000)
  from space 49664K, 38% used [0x000000070cc80000,0x000000070df3fe88,0x000000070fd00000)
  to   space 48640K, 0% used [0x0000000719f00000,0x0000000719f00000,0x000000071ce80000)
 ParOldGen       total 187904K, used 101601K [0x0000000540000000, 0x000000054b780000, 0x00000006eab00000)
  object space 187904K, 54% used [0x0000000540000000,0x0000000546338630,0x000000054b780000)
 Metaspace       used 32316K, capacity 32648K, committed 33024K, reserved 1077248K
  class space    used 4179K, capacity 4293K, committed 4352K, reserved 1048576K
}
Event: 13.250 GC heap before
{Heap before GC invocations=13 (full 1):
 PSYoungGen      total 608256K, used 295911K [0x00000006eab00000, 0x000000071ce80000, 0x00000007c0000000)
  eden space 558592K, 49% used [0x00000006eab00000,0x00000006fb939e58,0x000000070cc80000)
  from space 49664K, 38% used [0x000000070cc80000,0x000000070df3fe88,0x000000070fd00000)
  to   space 48640K, 0% used [0x0000000719f00000,0x0000000719f00000,0x000000071ce80000)
 ParOldGen       total 187904K, used 101601K [0x0000000540000000, 0x000000054b780000, 0x00000006eab00000)
  object space 187904K, 54% used [0x0000000540000000,0x0000000546338630,0x000000054b780000)
 Metaspace       used 34936K, capacity 35240K, committed 35496K, reserved 1079296K
  class space    used 4729K, capacity 4837K, committed 4864K, reserved 1048576K
Event: 13.270 GC heap after
Heap after GC invocations=13 (full 1):
 PSYoungGen      total 772608K, used 6714K [0x00000006eab00000, 0x000000071da00000, 0x00000007c0000000)
  eden space 723968K, 0% used [0x00000006eab00000,0x00000006eab00000,0x0000000716e00000)
  from space 48640K, 13% used [0x0000000719f00000,0x000000071a58e858,0x000000071ce80000)
  to   space 50176K, 0% used [0x0000000716e00000,0x0000000716e00000,0x0000000719f00000)
 ParOldGen       total 187904K, used 119321K [0x0000000540000000, 0x000000054b780000, 0x00000006eab00000)
  object space 187904K, 63% used [0x0000000540000000,0x0000000547486650,0x000000054b780000)
 Metaspace       used 34936K, capacity 35240K, committed 35496K, reserved 1079296K
  class space    used 4729K, capacity 4837K, committed 4864K, reserved 1048576K
}
Event: 13.270 GC heap before
{Heap before GC invocations=14 (full 2):
 PSYoungGen      total 772608K, used 6714K [0x00000006eab00000, 0x000000071da00000, 0x00000007c0000000)
  eden space 723968K, 0% used [0x00000006eab00000,0x00000006eab00000,0x0000000716e00000)
  from space 48640K, 13% used [0x0000000719f00000,0x000000071a58e858,0x000000071ce80000)
  to   space 50176K, 0% used [0x0000000716e00000,0x0000000716e00000,0x0000000719f00000)
 ParOldGen       total 187904K, used 119321K [0x0000000540000000, 0x000000054b780000, 0x00000006eab00000)
  object space 187904K, 63% used [0x0000000540000000,0x0000000547486650,0x000000054b780000)
 Metaspace       used 34936K, capacity 35240K, committed 35496K, reserved 1079296K
  class space    used 4729K, capacity 4837K, committed 4864K, reserved 1048576K
Event: 13.560 GC heap after
Heap after GC invocations=14 (full 2):
 PSYoungGen      total 772608K, used 0K [0x00000006eab00000, 0x000000071da00000, 0x00000007c0000000)
  eden space 723968K, 0% used [0x00000006eab00000,0x00000006eab00000,0x0000000716e00000)
  from space 48640K, 0% used [0x0000000719f00000,0x0000000719f00000,0x000000071ce80000)
  to   space 50176K, 0% used [0x0000000716e00000,0x0000000716e00000,0x0000000719f00000)
 ParOldGen       total 291328K, used 119785K [0x0000000540000000, 0x0000000551c80000, 0x00000006eab00000)
  object space 291328K, 41% used [0x0000000540000000,0x00000005474fa690,0x0000000551c80000)
 Metaspace       used 34936K, capacity 35240K, committed 35496K, reserved 1079296K
  class space    used 4729K, capacity 4837K, committed 4864K, reserved 1048576K
}

