# JRE version: OpenJDK Runtime Environment (8.0_242-b08) (build 1.8.0_242-b08)
# Java VM: OpenJDK 64-Bit Server VM (25.242-b08 mixed mode bsd-amd64 compressed oops)
Heap:
 PSYoungGen      total 1127424K, used 309779K [0x00000006eab00000, 0x0000000738580000, 0x00000007c0000000)
  eden space 1056256K, 29% used [0x00000006eab00000,0x00000006fd984d98,0x000000072b280000)
  from space 71168K, 0% used [0x000000072fa00000,0x000000072fa00000,0x0000000733f80000)
  to   space 73216K, 0% used [0x000000072b280000,0x000000072b280000,0x000000072fa00000)
 ParOldGen       total 298496K, used 119386K [0x0000000540000000, 0x0000000552380000, 0x00000006eab00000)
  object space 298496K, 39% used [0x0000000540000000,0x00000005474969c0,0x0000000552380000)
 Metaspace       used 38454K, capacity 38907K, committed 39424K, reserved 1083392K
  class space    used 5127K, capacity 5286K, committed 5376K, reserved 1048576K
GC Heap History (10 events):
Event: 10.163 GC heap before
{Heap before GC invocations=8 (full 1):
 PSYoungGen      total 586752K, used 524288K [0x00000006eab00000, 0x0000000712600000, 0x00000007c0000000)
  eden space 524288K, 100% used [0x00000006eab00000,0x000000070ab00000,0x000000070ab00000)
  from space 62464K, 0% used [0x000000070e900000,0x000000070e900000,0x0000000712600000)
  to   space 62976K, 0% used [0x000000070ab00000,0x000000070ab00000,0x000000070e880000)
 ParOldGen       total 203264K, used 59845K [0x0000000540000000, 0x000000054c680000, 0x00000006eab00000)
  object space 203264K, 29% used [0x0000000540000000,0x0000000543a71718,0x000000054c680000)
 Metaspace       used 23435K, capacity 23816K, committed 24064K, reserved 1071104K
  class space    used 2862K, capacity 2971K, committed 3072K, reserved 1048576K
Event: 10.186 GC heap after
Heap after GC invocations=8 (full 1):
 PSYoungGen      total 587264K, used 21509K [0x00000006eab00000, 0x0000000724500000, 0x00000007c0000000)
  eden space 524288K, 0% used [0x00000006eab00000,0x00000006eab00000,0x000000070ab00000)
  from space 62976K, 34% used [0x000000070ab00000,0x000000070c001680,0x000000070e880000)
  to   space 59904K, 0% used [0x0000000720a80000,0x0000000720a80000,0x0000000724500000)
 ParOldGen       total 203264K, used 59853K [0x0000000540000000, 0x000000054c680000, 0x00000006eab00000)
  object space 203264K, 29% used [0x0000000540000000,0x0000000543a73718,0x000000054c680000)
 Metaspace       used 23435K, capacity 23816K, committed 24064K, reserved 1071104K
  class space    used 2862K, capacity 2971K, committed 3072K, reserved 1048576K
}
Event: 12.694 GC heap before
{Heap before GC invocations=9 (full 1):
 PSYoungGen      total 587264K, used 545797K [0x00000006eab00000, 0x0000000724500000, 0x00000007c0000000)
  eden space 524288K, 100% used [0x00000006eab00000,0x000000070ab00000,0x000000070ab00000)
  from space 62976K, 34% used [0x000000070ab00000,0x000000070c001680,0x000000070e880000)
  to   space 59904K, 0% used [0x0000000720a80000,0x0000000720a80000,0x0000000724500000)
 ParOldGen       total 203264K, used 59853K [0x0000000540000000, 0x000000054c680000, 0x00000006eab00000)
  object space 203264K, 29% used [0x0000000540000000,0x0000000543a73718,0x000000054c680000)
 Metaspace       used 27610K, capacity 27954K, committed 28288K, reserved 1075200K
  class space    used 3344K, capacity 3454K, committed 3456K, reserved 1048576K
Event: 12.732 GC heap after
Heap after GC invocations=9 (full 1):
 PSYoungGen      total 858624K, used 42487K [0x00000006eab00000, 0x0000000723b00000, 0x00000007c0000000)
  eden space 808960K, 0% used [0x00000006eab00000,0x00000006eab00000,0x000000071c100000)
  from space 49664K, 85% used [0x0000000720a80000,0x00000007233fdf58,0x0000000723b00000)
  to   space 62464K, 0% used [0x000000071c100000,0x000000071c100000,0x000000071fe00000)
 ParOldGen       total 203264K, used 59861K [0x0000000540000000, 0x000000054c680000, 0x00000006eab00000)
  object space 203264K, 29% used [0x0000000540000000,0x0000000543a75718,0x000000054c680000)
 Metaspace       used 27610K, capacity 27954K, committed 28288K, reserved 1075200K
  class space    used 3344K, capacity 3454K, committed 3456K, reserved 1048576K
}
Event: 16.063 GC heap before
{Heap before GC invocations=10 (full 1):
 PSYoungGen      total 858624K, used 851447K [0x00000006eab00000, 0x0000000723b00000, 0x00000007c0000000)
  eden space 808960K, 100% used [0x00000006eab00000,0x000000071c100000,0x000000071c100000)
  from space 49664K, 85% used [0x0000000720a80000,0x00000007233fdf58,0x0000000723b00000)
  to   space 62464K, 0% used [0x000000071c100000,0x000000071c100000,0x000000071fe00000)
 ParOldGen       total 203264K, used 59861K [0x0000000540000000, 0x000000054c680000, 0x00000006eab00000)
  object space 203264K, 29% used [0x0000000540000000,0x0000000543a75718,0x000000054c680000)
 Metaspace       used 32947K, capacity 33288K, committed 33664K, reserved 1079296K
  class space    used 4302K, capacity 4421K, committed 4480K, reserved 1048576K
Event: 16.108 GC heap after
Heap after GC invocations=10 (full 1):
 PSYoungGen      total 871424K, used 59694K [0x00000006eab00000, 0x0000000733f80000, 0x00000007c0000000)
  eden space 808960K, 0% used [0x00000006eab00000,0x00000006eab00000,0x000000071c100000)
  from space 62464K, 95% used [0x000000071c100000,0x000000071fb4bb08,0x000000071fe00000)
  to   space 71168K, 0% used [0x000000072fa00000,0x000000072fa00000,0x0000000733f80000)
 ParOldGen       total 203264K, used 59869K [0x0000000540000000, 0x000000054c680000, 0x00000006eab00000)
  object space 203264K, 29% used [0x0000000540000000,0x0000000543a77718,0x000000054c680000)
 Metaspace       used 32947K, capacity 33288K, committed 33664K, reserved 1079296K
  class space    used 4302K, capacity 4421K, committed 4480K, reserved 1048576K
}
Event: 16.626 GC heap before
{Heap before GC invocations=11 (full 1):
 PSYoungGen      total 871424K, used 236161K [0x00000006eab00000, 0x0000000733f80000, 0x00000007c0000000)
  eden space 808960K, 21% used [0x00000006eab00000,0x00000006f5754b88,0x000000071c100000)
  from space 62464K, 95% used [0x000000071c100000,0x000000071fb4bb08,0x000000071fe00000)
  to   space 71168K, 0% used [0x000000072fa00000,0x000000072fa00000,0x0000000733f80000)
 ParOldGen       total 203264K, used 59869K [0x0000000540000000, 0x000000054c680000, 0x00000006eab00000)
  object space 203264K, 29% used [0x0000000540000000,0x0000000543a77718,0x000000054c680000)
 Metaspace       used 34932K, capacity 35240K, committed 35496K, reserved 1079296K
  class space    used 4729K, capacity 4837K, committed 4864K, reserved 1048576K
Event: 16.676 GC heap after
Heap after GC invocations=11 (full 1):
 PSYoungGen      total 1127424K, used 48920K [0x00000006eab00000, 0x0000000738580000, 0x00000007c0000000)
  eden space 1056256K, 0% used [0x00000006eab00000,0x00000006eab00000,0x000000072b280000)
  from space 71168K, 68% used [0x000000072fa00000,0x00000007329c6128,0x0000000733f80000)
  to   space 73216K, 0% used [0x000000072b280000,0x000000072b280000,0x000000072fa00000)
 ParOldGen       total 203264K, used 72358K [0x0000000540000000, 0x000000054c680000, 0x00000006eab00000)
  object space 203264K, 35% used [0x0000000540000000,0x00000005446a9b08,0x000000054c680000)
 Metaspace       used 34932K, capacity 35240K, committed 35496K, reserved 1079296K
  class space    used 4729K, capacity 4837K, committed 4864K, reserved 1048576K
}
Event: 16.676 GC heap before
{Heap before GC invocations=12 (full 2):
 PSYoungGen      total 1127424K, used 48920K [0x00000006eab00000, 0x0000000738580000, 0x00000007c0000000)
  eden space 1056256K, 0% used [0x00000006eab00000,0x00000006eab00000,0x000000072b280000)
  from space 71168K, 68% used [0x000000072fa00000,0x00000007329c6128,0x0000000733f80000)
  to   space 73216K, 0% used [0x000000072b280000,0x000000072b280000,0x000000072fa00000)
 ParOldGen       total 203264K, used 72358K [0x0000000540000000, 0x000000054c680000, 0x00000006eab00000)
  object space 203264K, 35% used [0x0000000540000000,0x00000005446a9b08,0x000000054c680000)
 Metaspace       used 34932K, capacity 35240K, committed 35496K, reserved 1079296K
  class space    used 4729K, capacity 4837K, committed 4864K, reserved 1048576K
Event: 17.114 GC heap after
Heap after GC invocations=12 (full 2):
 PSYoungGen      total 1127424K, used 0K [0x00000006eab00000, 0x0000000738580000, 0x00000007c0000000)
  eden space 1056256K, 0% used [0x00000006eab00000,0x00000006eab00000,0x000000072b280000)
  from space 71168K, 0% used [0x000000072fa00000,0x000000072fa00000,0x0000000733f80000)
  to   space 73216K, 0% used [0x000000072b280000,0x000000072b280000,0x000000072fa00000)
 ParOldGen       total 298496K, used 119386K [0x0000000540000000, 0x0000000552380000, 0x00000006eab00000)
  object space 298496K, 39% used [0x0000000540000000,0x00000005474969c0,0x0000000552380000)
 Metaspace       used 34932K, capacity 35240K, committed 35496K, reserved 1079296K
  class space    used 4729K, capacity 4837K, committed 4864K, reserved 1048576K
}

