# JRE version: OpenJDK Runtime Environment (8.0_242-b08) (build 1.8.0_242-b08)
# Java VM: OpenJDK 64-Bit Server VM (25.242-b08 mixed mode bsd-amd64 compressed oops)
Heap:
 PSYoungGen      total 1021440K, used 285810K [0x00000006eab00000, 0x0000000732080000, 0x00000007c0000000)
  eden space 952832K, 29% used [0x00000006eab00000,0x00000006fc21cb30,0x0000000724d80000)
  from space 68608K, 0% used [0x0000000729780000,0x0000000729780000,0x000000072da80000)
  to   space 75776K, 0% used [0x0000000724d80000,0x0000000724d80000,0x0000000729780000)
 ParOldGen       total 303616K, used 119481K [0x0000000540000000, 0x0000000552880000, 0x00000006eab00000)
  object space 303616K, 39% used [0x0000000540000000,0x00000005474ae448,0x0000000552880000)
 Metaspace       used 38434K, capacity 38907K, committed 39424K, reserved 1083392K
  class space    used 5127K, capacity 5286K, committed 5376K, reserved 1048576K
GC Heap History (10 events):
Event: 8.987 GC heap before
{Heap before GC invocations=8 (full 1):
 PSYoungGen      total 583680K, used 524288K [0x00000006eab00000, 0x0000000712000000, 0x00000007c0000000)
  eden space 524288K, 100% used [0x00000006eab00000,0x000000070ab00000,0x000000070ab00000)
  from space 59392K, 0% used [0x000000070e600000,0x000000070e600000,0x0000000712000000)
  to   space 59904K, 0% used [0x000000070ab00000,0x000000070ab00000,0x000000070e580000)
 ParOldGen       total 203776K, used 59677K [0x0000000540000000, 0x000000054c700000, 0x00000006eab00000)
  object space 203776K, 29% used [0x0000000540000000,0x0000000543a47438,0x000000054c700000)
 Metaspace       used 23408K, capacity 23752K, committed 24064K, reserved 1071104K
  class space    used 2861K, capacity 2971K, committed 3072K, reserved 1048576K
Event: 9.012 GC heap after
Heap after GC invocations=8 (full 1):
 PSYoungGen      total 584192K, used 21431K [0x00000006eab00000, 0x0000000721e00000, 0x00000007c0000000)
  eden space 524288K, 0% used [0x00000006eab00000,0x00000006eab00000,0x000000070ab00000)
  from space 59904K, 35% used [0x000000070ab00000,0x000000070bfede08,0x000000070e580000)
  to   space 56832K, 0% used [0x000000071e680000,0x000000071e680000,0x0000000721e00000)
 ParOldGen       total 203776K, used 59685K [0x0000000540000000, 0x000000054c700000, 0x00000006eab00000)
  object space 203776K, 29% used [0x0000000540000000,0x0000000543a49438,0x000000054c700000)
 Metaspace       used 23408K, capacity 23752K, committed 24064K, reserved 1071104K
  class space    used 2861K, capacity 2971K, committed 3072K, reserved 1048576K
}
Event: 11.880 GC heap before
{Heap before GC invocations=9 (full 1):
 PSYoungGen      total 584192K, used 545719K [0x00000006eab00000, 0x0000000721e00000, 0x00000007c0000000)
  eden space 524288K, 100% used [0x00000006eab00000,0x000000070ab00000,0x000000070ab00000)
  from space 59904K, 35% used [0x000000070ab00000,0x000000070bfede08,0x000000070e580000)
  to   space 56832K, 0% used [0x000000071e680000,0x000000071e680000,0x0000000721e00000)
 ParOldGen       total 203776K, used 59685K [0x0000000540000000, 0x000000054c700000, 0x00000006eab00000)
  object space 203776K, 29% used [0x0000000540000000,0x0000000543a49438,0x000000054c700000)
 Metaspace       used 27580K, capacity 27922K, committed 28160K, reserved 1073152K
  class space    used 3347K, capacity 3486K, committed 3584K, reserved 1048576K
Event: 11.911 GC heap after
Heap after GC invocations=9 (full 1):
 PSYoungGen      total 808448K, used 42014K [0x00000006eab00000, 0x0000000721000000, 0x00000007c0000000)
  eden space 765952K, 0% used [0x00000006eab00000,0x00000006eab00000,0x0000000719700000)
  from space 42496K, 98% used [0x000000071e680000,0x0000000720f878e0,0x0000000721000000)
  to   space 59904K, 0% used [0x0000000719b00000,0x0000000719b00000,0x000000071d580000)
 ParOldGen       total 203776K, used 59693K [0x0000000540000000, 0x000000054c700000, 0x00000006eab00000)
  object space 203776K, 29% used [0x0000000540000000,0x0000000543a4b438,0x000000054c700000)
 Metaspace       used 27580K, capacity 27922K, committed 28160K, reserved 1073152K
  class space    used 3347K, capacity 3486K, committed 3584K, reserved 1048576K
}
Event: 14.866 GC heap before
{Heap before GC invocations=10 (full 1):
 PSYoungGen      total 808448K, used 807966K [0x00000006eab00000, 0x0000000721000000, 0x00000007c0000000)
  eden space 765952K, 100% used [0x00000006eab00000,0x0000000719700000,0x0000000719700000)
  from space 42496K, 98% used [0x000000071e680000,0x0000000720f878e0,0x0000000721000000)
  to   space 59904K, 0% used [0x0000000719b00000,0x0000000719b00000,0x000000071d580000)
 ParOldGen       total 203776K, used 59693K [0x0000000540000000, 0x000000054c700000, 0x00000006eab00000)
  object space 203776K, 29% used [0x0000000540000000,0x0000000543a4b438,0x000000054c700000)
 Metaspace       used 32729K, capacity 33128K, committed 33408K, reserved 1079296K
  class space    used 4266K, capacity 4389K, committed 4480K, reserved 1048576K
Event: 14.901 GC heap after
Heap after GC invocations=10 (full 1):
 PSYoungGen      total 829952K, used 58671K [0x00000006eab00000, 0x000000072da80000, 0x00000007c0000000)
  eden space 770048K, 0% used [0x00000006eab00000,0x00000006eab00000,0x0000000719b00000)
  from space 59904K, 97% used [0x0000000719b00000,0x000000071d44bfd0,0x000000071d580000)
  to   space 68608K, 0% used [0x0000000729780000,0x0000000729780000,0x000000072da80000)
 ParOldGen       total 203776K, used 59701K [0x0000000540000000, 0x000000054c700000, 0x00000006eab00000)
  object space 203776K, 29% used [0x0000000540000000,0x0000000543a4d438,0x000000054c700000)
 Metaspace       used 32729K, capacity 33128K, committed 33408K, reserved 1079296K
  class space    used 4266K, capacity 4389K, committed 4480K, reserved 1048576K
}
Event: 15.464 GC heap before
{Heap before GC invocations=11 (full 1):
 PSYoungGen      total 829952K, used 286629K [0x00000006eab00000, 0x000000072da80000, 0x00000007c0000000)
  eden space 770048K, 29% used [0x00000006eab00000,0x00000006f899d640,0x0000000719b00000)
  from space 59904K, 97% used [0x0000000719b00000,0x000000071d44bfd0,0x000000071d580000)
  to   space 68608K, 0% used [0x0000000729780000,0x0000000729780000,0x000000072da80000)
 ParOldGen       total 203776K, used 59701K [0x0000000540000000, 0x000000054c700000, 0x00000006eab00000)
  object space 203776K, 29% used [0x0000000540000000,0x0000000543a4d438,0x000000054c700000)
 Metaspace       used 34904K, capacity 35240K, committed 35496K, reserved 1079296K
  class space    used 4728K, capacity 4837K, committed 4864K, reserved 1048576K
Event: 15.512 GC heap after
Heap after GC invocations=11 (full 1):
 PSYoungGen      total 1021440K, used 61624K [0x00000006eab00000, 0x0000000732080000, 0x00000007c0000000)
  eden space 952832K, 0% used [0x00000006eab00000,0x00000006eab00000,0x0000000724d80000)
  from space 68608K, 89% used [0x0000000729780000,0x000000072d3ae080,0x000000072da80000)
  to   space 75776K, 0% used [0x0000000724d80000,0x0000000724d80000,0x0000000729780000)
 ParOldGen       total 203776K, used 59701K [0x0000000540000000, 0x000000054c700000, 0x00000006eab00000)
  object space 203776K, 29% used [0x0000000540000000,0x0000000543a4d438,0x000000054c700000)
 Metaspace       used 34904K, capacity 35240K, committed 35496K, reserved 1079296K
  class space    used 4728K, capacity 4837K, committed 4864K, reserved 1048576K
}
Event: 15.512 GC heap before
{Heap before GC invocations=12 (full 2):
 PSYoungGen      total 1021440K, used 61624K [0x00000006eab00000, 0x0000000732080000, 0x00000007c0000000)
  eden space 952832K, 0% used [0x00000006eab00000,0x00000006eab00000,0x0000000724d80000)
  from space 68608K, 89% used [0x0000000729780000,0x000000072d3ae080,0x000000072da80000)
  to   space 75776K, 0% used [0x0000000724d80000,0x0000000724d80000,0x0000000729780000)
 ParOldGen       total 203776K, used 59701K [0x0000000540000000, 0x000000054c700000, 0x00000006eab00000)
  object space 203776K, 29% used [0x0000000540000000,0x0000000543a4d438,0x000000054c700000)
 Metaspace       used 34904K, capacity 35240K, committed 35496K, reserved 1079296K
  class space    used 4728K, capacity 4837K, committed 4864K, reserved 1048576K
Event: 15.843 GC heap after
Heap after GC invocations=12 (full 2):
 PSYoungGen      total 1021440K, used 0K [0x00000006eab00000, 0x0000000732080000, 0x00000007c0000000)
  eden space 952832K, 0% used [0x00000006eab00000,0x00000006eab00000,0x0000000724d80000)
  from space 68608K, 0% used [0x0000000729780000,0x0000000729780000,0x000000072da80000)
  to   space 75776K, 0% used [0x0000000724d80000,0x0000000724d80000,0x0000000729780000)
 ParOldGen       total 303616K, used 119481K [0x0000000540000000, 0x0000000552880000, 0x00000006eab00000)
  object space 303616K, 39% used [0x0000000540000000,0x00000005474ae448,0x0000000552880000)
 Metaspace       used 34904K, capacity 35240K, committed 35496K, reserved 1079296K
  class space    used 4728K, capacity 4837K, committed 4864K, reserved 1048576K
}

