# JRE version: OpenJDK Runtime Environment (8.0_242-b08) (build 1.8.0_242-b08)
# Java VM: OpenJDK 64-Bit Server VM (25.242-b08 mixed mode bsd-amd64 compressed oops)
Heap:
 PSYoungGen      total 805376K, used 273224K [0x00000006eab00000, 0x000000071fc80000, 0x00000007c0000000)
  eden space 756736K, 36% used [0x00000006eab00000,0x00000006fb5d2068,0x0000000718e00000)
  from space 48640K, 0% used [0x000000071be80000,0x000000071be80000,0x000000071ee00000)
  to   space 49664K, 0% used [0x0000000718e00000,0x0000000718e00000,0x000000071be80000)
 ParOldGen       total 283648K, used 120041K [0x0000000540000000, 0x0000000551500000, 0x00000006eab00000)
  object space 283648K, 42% used [0x0000000540000000,0x000000054753a6a8,0x0000000551500000)
 Metaspace       used 38238K, capacity 38698K, committed 39168K, reserved 1083392K
  class space    used 5123K, capacity 5286K, committed 5376K, reserved 1048576K
GC Heap History (10 events):
Event: 13.030 GC heap before
{Heap before GC invocations=10 (full 1):
 PSYoungGen      total 444928K, used 444886K [0x00000006eab00000, 0x000000070ec00000, 0x00000007c0000000)
  eden space 428032K, 100% used [0x00000006eab00000,0x0000000704d00000,0x0000000704d00000)
  from space 16896K, 99% used [0x000000070db80000,0x000000070ebf59c8,0x000000070ec00000)
  to   space 50176K, 0% used [0x0000000708a00000,0x0000000708a00000,0x000000070bb00000)
 ParOldGen       total 183296K, used 61222K [0x0000000540000000, 0x000000054b300000, 0x00000006eab00000)
  object space 183296K, 33% used [0x0000000540000000,0x0000000543bc9b08,0x000000054b300000)
 Metaspace       used 24460K, capacity 24744K, committed 25088K, reserved 1071104K
  class space    used 2957K, capacity 3067K, committed 3072K, reserved 1048576K
Event: 13.053 GC heap after
Heap after GC invocations=10 (full 1):
 PSYoungGen      total 540672K, used 20411K [0x00000006eab00000, 0x0000000714100000, 0x00000007c0000000)
  eden space 490496K, 0% used [0x00000006eab00000,0x00000006eab00000,0x0000000708a00000)
  from space 50176K, 40% used [0x0000000708a00000,0x0000000709deefa8,0x000000070bb00000)
  to   space 49152K, 0% used [0x0000000711100000,0x0000000711100000,0x0000000714100000)
 ParOldGen       total 183296K, used 61230K [0x0000000540000000, 0x000000054b300000, 0x00000006eab00000)
  object space 183296K, 33% used [0x0000000540000000,0x0000000543bcbb08,0x000000054b300000)
 Metaspace       used 24460K, capacity 24744K, committed 25088K, reserved 1071104K
  class space    used 2957K, capacity 3067K, committed 3072K, reserved 1048576K
}
Event: 16.679 GC heap before
{Heap before GC invocations=11 (full 1):
 PSYoungGen      total 540672K, used 510907K [0x00000006eab00000, 0x0000000714100000, 0x00000007c0000000)
  eden space 490496K, 100% used [0x00000006eab00000,0x0000000708a00000,0x0000000708a00000)
  from space 50176K, 40% used [0x0000000708a00000,0x0000000709deefa8,0x000000070bb00000)
  to   space 49152K, 0% used [0x0000000711100000,0x0000000711100000,0x0000000714100000)
 ParOldGen       total 183296K, used 61230K [0x0000000540000000, 0x000000054b300000, 0x00000006eab00000)
  object space 183296K, 33% used [0x0000000540000000,0x0000000543bcbb08,0x000000054b300000)
 Metaspace       used 28241K, capacity 28542K, committed 28928K, reserved 1075200K
  class space    used 3397K, capacity 3522K, committed 3584K, reserved 1048576K
Event: 16.715 GC heap after
Heap after GC invocations=11 (full 1):
 PSYoungGen      total 628736K, used 33350K [0x00000006eab00000, 0x0000000718700000, 0x00000007c0000000)
  eden space 579584K, 0% used [0x00000006eab00000,0x00000006eab00000,0x000000070e100000)
  from space 49152K, 67% used [0x0000000711100000,0x0000000713191b98,0x0000000714100000)
  to   space 49152K, 0% used [0x000000070e100000,0x000000070e100000,0x0000000711100000)
 ParOldGen       total 183296K, used 71282K [0x0000000540000000, 0x000000054b300000, 0x00000006eab00000)
  object space 183296K, 38% used [0x0000000540000000,0x000000054459c8c8,0x000000054b300000)
 Metaspace       used 28241K, capacity 28542K, committed 28928K, reserved 1075200K
  class space    used 3397K, capacity 3522K, committed 3584K, reserved 1048576K
}
Event: 19.931 GC heap before
{Heap before GC invocations=12 (full 1):
 PSYoungGen      total 628736K, used 612934K [0x00000006eab00000, 0x0000000718700000, 0x00000007c0000000)
  eden space 579584K, 100% used [0x00000006eab00000,0x000000070e100000,0x000000070e100000)
  from space 49152K, 67% used [0x0000000711100000,0x0000000713191b98,0x0000000714100000)
  to   space 49152K, 0% used [0x000000070e100000,0x000000070e100000,0x0000000711100000)
 ParOldGen       total 183296K, used 71282K [0x0000000540000000, 0x000000054b300000, 0x00000006eab00000)
  object space 183296K, 38% used [0x0000000540000000,0x000000054459c8c8,0x000000054b300000)
 Metaspace       used 32507K, capacity 32808K, committed 33024K, reserved 1077248K
  class space    used 4215K, capacity 4325K, committed 4352K, reserved 1048576K
Event: 19.966 GC heap after
Heap after GC invocations=12 (full 1):
 PSYoungGen      total 628736K, used 19183K [0x00000006eab00000, 0x000000071ee00000, 0x00000007c0000000)
  eden space 579584K, 0% used [0x00000006eab00000,0x00000006eab00000,0x000000070e100000)
  from space 49152K, 39% used [0x000000070e100000,0x000000070f3bbf48,0x0000000711100000)
  to   space 48640K, 0% used [0x000000071be80000,0x000000071be80000,0x000000071ee00000)
 ParOldGen       total 183296K, used 99017K [0x0000000540000000, 0x000000054b300000, 0x00000006eab00000)
  object space 183296K, 54% used [0x0000000540000000,0x00000005460b2580,0x000000054b300000)
 Metaspace       used 32507K, capacity 32808K, committed 33024K, reserved 1077248K
  class space    used 4215K, capacity 4325K, committed 4352K, reserved 1048576K
}
Event: 20.847 GC heap before
{Heap before GC invocations=13 (full 1):
 PSYoungGen      total 628736K, used 289114K [0x00000006eab00000, 0x000000071ee00000, 0x00000007c0000000)
  eden space 579584K, 46% used [0x00000006eab00000,0x00000006fb29a9e0,0x000000070e100000)
  from space 49152K, 39% used [0x000000070e100000,0x000000070f3bbf48,0x0000000711100000)
  to   space 48640K, 0% used [0x000000071be80000,0x000000071be80000,0x000000071ee00000)
 ParOldGen       total 183296K, used 99017K [0x0000000540000000, 0x000000054b300000, 0x00000006eab00000)
  object space 183296K, 54% used [0x0000000540000000,0x00000005460b2580,0x000000054b300000)
 Metaspace       used 34927K, capacity 35240K, committed 35496K, reserved 1079296K
  class space    used 4726K, capacity 4837K, committed 4864K, reserved 1048576K
Event: 20.877 GC heap after
Heap after GC invocations=13 (full 1):
 PSYoungGen      total 805376K, used 6429K [0x00000006eab00000, 0x000000071fc80000, 0x00000007c0000000)
  eden space 756736K, 0% used [0x00000006eab00000,0x00000006eab00000,0x0000000718e00000)
  from space 48640K, 13% used [0x000000071be80000,0x000000071c4c7728,0x000000071ee00000)
  to   space 49664K, 0% used [0x0000000718e00000,0x0000000718e00000,0x000000071be80000)
 ParOldGen       total 183296K, used 117056K [0x0000000540000000, 0x000000054b300000, 0x00000006eab00000)
  object space 183296K, 63% used [0x0000000540000000,0x00000005472501e8,0x000000054b300000)
 Metaspace       used 34927K, capacity 35240K, committed 35496K, reserved 1079296K
  class space    used 4726K, capacity 4837K, committed 4864K, reserved 1048576K
}
Event: 20.877 GC heap before
{Heap before GC invocations=14 (full 2):
 PSYoungGen      total 805376K, used 6429K [0x00000006eab00000, 0x000000071fc80000, 0x00000007c0000000)
  eden space 756736K, 0% used [0x00000006eab00000,0x00000006eab00000,0x0000000718e00000)
  from space 48640K, 13% used [0x000000071be80000,0x000000071c4c7728,0x000000071ee00000)
  to   space 49664K, 0% used [0x0000000718e00000,0x0000000718e00000,0x000000071be80000)
 ParOldGen       total 183296K, used 117056K [0x0000000540000000, 0x000000054b300000, 0x00000006eab00000)
  object space 183296K, 63% used [0x0000000540000000,0x00000005472501e8,0x000000054b300000)
 Metaspace       used 34927K, capacity 35240K, committed 35496K, reserved 1079296K
  class space    used 4726K, capacity 4837K, committed 4864K, reserved 1048576K
Event: 21.142 GC heap after
Heap after GC invocations=14 (full 2):
 PSYoungGen      total 805376K, used 0K [0x00000006eab00000, 0x000000071fc80000, 0x00000007c0000000)
  eden space 756736K, 0% used [0x00000006eab00000,0x00000006eab00000,0x0000000718e00000)
  from space 48640K, 0% used [0x000000071be80000,0x000000071be80000,0x000000071ee00000)
  to   space 49664K, 0% used [0x0000000718e00000,0x0000000718e00000,0x000000071be80000)
 ParOldGen       total 283648K, used 120041K [0x0000000540000000, 0x0000000551500000, 0x00000006eab00000)
  object space 283648K, 42% used [0x0000000540000000,0x000000054753a6a8,0x0000000551500000)
 Metaspace       used 34927K, capacity 35240K, committed 35496K, reserved 1079296K
  class space    used 4726K, capacity 4837K, committed 4864K, reserved 1048576K
}

